Using pre-set license
Built from '6000.0/staging' branch; Version is '6000.0.41f1 (46e447368a18) revision 4645959'; Using compiler version '193933523'; Build Type 'Release'
OS: 'Windows 10  (10.0.19045) 64bit Professional' Language: 'ko' Physical Memory: 32691 MB
BatchMode: 1, IsHumanControllingUs: 0, StartBugReporterOnCrash: 0, Is64bit: 1, IsPro: 1

COMMAND LINE ARGUMENTS:
C:\Program Files\6000.0.41f1\Editor\Unity.exe
-adb2
-batchMode
-noUpm
-name
AssetImportWorker0
-projectPath
C:/Users/dbswo/Room
-logFile
Logs/AssetImportWorker0.log
-srvPort
50433
-job-worker-count
5
-background-job-worker-count
8
-gc-helper-count
1
Successfully changed project path to: C:/Users/dbswo/Room
C:/Users/dbswo/Room
[UnityMemory] Configuration Parameters - Can be set up in boot.config
    "memorysetup-bucket-allocator-granularity=16"
    "memorysetup-bucket-allocator-bucket-count=8"
    "memorysetup-bucket-allocator-block-size=33554432"
    "memorysetup-bucket-allocator-block-count=8"
    "memorysetup-main-allocator-block-size=16777216"
    "memorysetup-thread-allocator-block-size=16777216"
    "memorysetup-gfx-main-allocator-block-size=16777216"
    "memorysetup-gfx-thread-allocator-block-size=16777216"
    "memorysetup-cache-allocator-block-size=4194304"
    "memorysetup-typetree-allocator-block-size=2097152"
    "memorysetup-profiler-bucket-allocator-granularity=16"
    "memorysetup-profiler-bucket-allocator-bucket-count=8"
    "memorysetup-profiler-bucket-allocator-block-size=33554432"
    "memorysetup-profiler-bucket-allocator-block-count=8"
    "memorysetup-profiler-allocator-block-size=16777216"
    "memorysetup-profiler-editor-allocator-block-size=1048576"
    "memorysetup-temp-allocator-size-main=16777216"
    "memorysetup-job-temp-allocator-block-size=2097152"
    "memorysetup-job-temp-allocator-block-size-background=1048576"
    "memorysetup-job-temp-allocator-reduction-small-platforms=262144"
    "memorysetup-allocator-temp-initial-block-size-main=262144"
    "memorysetup-allocator-temp-initial-block-size-worker=262144"
    "memorysetup-temp-allocator-size-background-worker=32768"
    "memorysetup-temp-allocator-size-job-worker=262144"
    "memorysetup-temp-allocator-size-preload-manager=33554432"
    "memorysetup-temp-allocator-size-nav-mesh-worker=65536"
    "memorysetup-temp-allocator-size-audio-worker=65536"
    "memorysetup-temp-allocator-size-cloud-worker=32768"
    "memorysetup-temp-allocator-size-gi-baking-worker=262144"
    "memorysetup-temp-allocator-size-gi-baking-worker=262144"
    "memorysetup-temp-allocator-size-gi-baking-worker=262144"
    "memorysetup-temp-allocator-size-gi-baking-worker=262144"
    "memorysetup-temp-allocator-size-gi-baking-worker=262144"
    "memorysetup-temp-allocator-size-gfx=262144"
Player connection [17420]  Target information:

Player connection [17420]  * "[IP] 25.4.211.133 [Port] 0 [Flags] 2 [Guid] 3888854604 [EditorId] 3888854604 [Version] 1048832 [Id] WindowsEditor(7,DESKTOP-TPKOIJ3) [Debug] 1 [PackageName] WindowsEditor [ProjectName] Editor" 

Player connection [17420]  * "[IP] 192.168.219.109 [Port] 0 [Flags] 2 [Guid] 3888854604 [EditorId] 3888854604 [Version] 1048832 [Id] WindowsEditor(7,DESKTOP-TPKOIJ3) [Debug] 1 [PackageName] WindowsEditor [ProjectName] Editor" 

Player connection [17420] Host joined multi-casting on [225.0.0.222:54997]...
Player connection [17420] Host joined alternative multi-casting on [225.0.0.222:34997]...
JobSystem: Creating JobQueue using job-worker-count value 5
Input System module state changed to: Initialized.
[Physics::Module] Initialized fallback backend.
[Physics::Module] Id: 0xdecafbad
Library Redirect Path: Library/
[Physics::Module] Selected backend.
[Physics::Module] Name: PhysX
[Physics::Module] Id: 0xf2b8ea05
[Physics::Module] SDK Version: 4.1.2
[Physics::Module] Integration Version: 1.0.0
[Physics::Module] Threading Mode: Multi-Threaded
Refreshing native plugins compatible for Editor in 3.37 ms, found 3 plugins.
Preloading 0 native plugins for Editor in 0.00 ms.
Initialize engine version: 6000.0.41f1 (46e447368a18)
[Subsystems] Discovering subsystems at path C:/Program Files/6000.0.41f1/Editor/Data/Resources/UnitySubsystems
[Subsystems] Discovering subsystems at path C:/Users/dbswo/Room/Assets
GfxDevice: creating device client; kGfxThreadingModeNonThreaded
Direct3D:
    Version:  Direct3D 11.0 [level 11.1]
    Renderer: NVIDIA GeForce RTX 4060 (ID=0x2882)
    Vendor:   NVIDIA
    VRAM:     7957 MB
    Driver:   32.0.15.7283
Initialize mono
Mono path[0] = 'C:/Program Files/6000.0.41f1/Editor/Data/Managed'
Mono path[1] = 'C:/Program Files/6000.0.41f1/Editor/Data/MonoBleedingEdge/lib/mono/unityjit-win32'
Mono config path = 'C:/Program Files/6000.0.41f1/Editor/Data/MonoBleedingEdge/etc'
Using monoOptions --debugger-agent=transport=dt_socket,embedding=1,server=y,suspend=n,address=127.0.0.1:56872
Begin MonoManager ReloadAssembly
Registering precompiled unity dll's ...
Register platform support module: C:/Program Files/6000.0.41f1/Editor/Data/PlaybackEngines/WindowsStandaloneSupport/UnityEditor.WindowsStandalone.Extensions.dll
Registered in 0.006487 seconds.
- Loaded All Assemblies, in  0.383 seconds
Native extension for WindowsStandalone target not found
Mono: successfully reloaded assembly
- Finished resetting the current domain, in  0.258 seconds
Domain Reload Profiling: 632ms
	BeginReloadAssembly (151ms)
		ExecutionOrderSort (0ms)
		DisableScriptedObjects (0ms)
		BackupInstance (0ms)
		ReleaseScriptingObjects (0ms)
		CreateAndSetChildDomain (1ms)
	RebuildCommonClasses (32ms)
	RebuildNativeTypeToScriptingClass (9ms)
	initialDomainReloadingComplete (59ms)
	LoadAllAssembliesAndSetupDomain (123ms)
		LoadAssemblies (143ms)
		RebuildTransferFunctionScriptingTraits (0ms)
		AnalyzeDomain (120ms)
			TypeCache.Refresh (118ms)
				TypeCache.ScanAssembly (107ms)
			BuildScriptInfoCaches (0ms)
			ResolveRequiredComponents (1ms)
	FinalizeReload (259ms)
		ReleaseScriptCaches (0ms)
		RebuildScriptCaches (0ms)
		SetupLoadedEditorAssemblies (226ms)
			LogAssemblyErrors (0ms)
			InitializePlatformSupportModulesInManaged (25ms)
			SetLoadedEditorAssemblies (3ms)
			BeforeProcessingInitializeOnLoad (40ms)
			ProcessInitializeOnLoadAttributes (113ms)
			ProcessInitializeOnLoadMethodAttributes (45ms)
			AfterProcessingInitializeOnLoad (0ms)
			EditorAssembliesLoaded (0ms)
		ExecutionOrderSort2 (0ms)
		AwakeInstancesAfterBackupRestoration (0ms)
========================================================================
Worker process is ready to serve import requests
Import Worker Mode flag is 0x00
Begin MonoManager ReloadAssembly
- Loaded All Assemblies, in  0.756 seconds
Refreshing native plugins compatible for Editor in 2.33 ms, found 3 plugins.
Native extension for WindowsStandalone target not found
The project currently uses the compatibility mode where the Render Graph API is disabled. Support for this mode will be removed in future Unity versions. Migrate existing ScriptableRenderPasses to the new RenderGraph API. After the migration, disable the compatibility mode in Edit > Projects Settings > Graphics > Render Graph.
UnityEngine.Debug:ExtractStackTraceNoAlloc (byte*,int,string)
UnityEngine.StackTraceUtility:ExtractStackTrace ()
UnityEngine.DebugLogHandler:Internal_Log (UnityEngine.LogType,UnityEngine.LogOption,string,UnityEngine.Object)
UnityEngine.DebugLogHandler:LogFormat (UnityEngine.LogType,UnityEngine.Object,string,object[])
UnityEngine.Logger:Log (UnityEngine.LogType,object)
UnityEngine.Debug:LogWarning (object)
UnityEngine.Rendering.Universal.WarnUsingNonRenderGraph:EmitConsoleWarning () (at ./Library/PackageCache/com.unity.render-pipelines.universal@506b3deb0041/Runtime/Data/UniversalRenderPipelineAsset.cs:427)
System.Reflection.RuntimeMethodInfo:Invoke (object,System.Reflection.BindingFlags,System.Reflection.Binder,object[],System.Globalization.CultureInfo)
System.Reflection.MethodBase:Invoke (object,object[])
UnityEditor.EditorAssemblies:ProcessInitializeOnLoadMethodAttributes ()

(Filename: ./Library/PackageCache/com.unity.render-pipelines.universal@506b3deb0041/Runtime/Data/UniversalRenderPipelineAsset.cs Line: 427)

Mono: successfully reloaded assembly
- Finished resetting the current domain, in  0.738 seconds
Domain Reload Profiling: 1477ms
	BeginReloadAssembly (186ms)
		ExecutionOrderSort (0ms)
		DisableScriptedObjects (5ms)
		BackupInstance (0ms)
		ReleaseScriptingObjects (0ms)
		CreateAndSetChildDomain (25ms)
	RebuildCommonClasses (31ms)
	RebuildNativeTypeToScriptingClass (9ms)
	initialDomainReloadingComplete (48ms)
	LoadAllAssembliesAndSetupDomain (465ms)
		LoadAssemblies (429ms)
		RebuildTransferFunctionScriptingTraits (0ms)
		AnalyzeDomain (160ms)
			TypeCache.Refresh (121ms)
				TypeCache.ScanAssembly (108ms)
			BuildScriptInfoCaches (31ms)
			ResolveRequiredComponents (6ms)
	FinalizeReload (738ms)
		ReleaseScriptCaches (0ms)
		RebuildScriptCaches (0ms)
		SetupLoadedEditorAssemblies (625ms)
			LogAssemblyErrors (0ms)
			InitializePlatformSupportModulesInManaged (2ms)
			SetLoadedEditorAssemblies (4ms)
			BeforeProcessingInitializeOnLoad (131ms)
			ProcessInitializeOnLoadAttributes (371ms)
			ProcessInitializeOnLoadMethodAttributes (100ms)
			AfterProcessingInitializeOnLoad (18ms)
			EditorAssembliesLoaded (0ms)
		ExecutionOrderSort2 (0ms)
		AwakeInstancesAfterBackupRestoration (6ms)
Launched and connected shader compiler UnityShaderCompiler.exe after 0.01 seconds
Refreshing native plugins compatible for Editor in 3.77 ms, found 3 plugins.
Preloading 0 native plugins for Editor in 0.00 ms.
Unloading 219 Unused Serialized files (Serialized files now loaded: 0)
Unloading 4579 unused Assets / (3.6 MB). Loaded Objects now: 5306.
Memory consumption went from 165.5 MB to 161.8 MB.
Total: 9.598600 ms (FindLiveObjects: 0.718100 ms CreateObjectMapping: 0.713800 ms MarkObjects: 6.636300 ms  DeleteObjects: 1.529600 ms)

========================================================================
Received Import Request.
  Time since last request: 7694.568677 seconds.
  path: Assets/DungeonGenerator
  artifactKey: Guid(3f1ed0dc62d5a4e45a3b24a884c6d735) Importer(815301076,1909f56bfc062723c751e8b465ee728b)
Start importing Assets/DungeonGenerator using Guid(3f1ed0dc62d5a4e45a3b24a884c6d735) Importer(815301076,1909f56bfc062723c751e8b465ee728b) (PreviewImporter) -> (artifact id: '69639e4a22e42064b3c00c7c52708ba7') in 0.0048694 seconds
Number of updated asset objects reloaded before import = 0Number of asset objects unloaded after import = 0

========================================================================
Received Import Request.
  Time since last request: 0.000012 seconds.
  path: Assets/DungeonGenerator/Scenes
  artifactKey: Guid(9e93b779bfd7eab4c93f7e6b67ef965f) Importer(815301076,1909f56bfc062723c751e8b465ee728b)
Start importing Assets/DungeonGenerator/Scenes using Guid(9e93b779bfd7eab4c93f7e6b67ef965f) Importer(815301076,1909f56bfc062723c751e8b465ee728b) (PreviewImporter) -> (artifact id: 'dd311bf1543c8f3481b50c99cc79026d') in 0.000432 seconds
Number of updated asset objects reloaded before import = 0Number of asset objects unloaded after import = 0

========================================================================
Received Import Request.
  Time since last request: 0.000012 seconds.
  path: Assets/DungeonGenerator/Scenes/DemoScene.unity
  artifactKey: Guid(54f3e072570941a478882f628471f997) Importer(815301076,1909f56bfc062723c751e8b465ee728b)
Start importing Assets/DungeonGenerator/Scenes/DemoScene.unity using Guid(54f3e072570941a478882f628471f997) Importer(815301076,1909f56bfc062723c751e8b465ee728b) (PreviewImporter) -> (artifact id: 'daa8c97d9c41a66cac82278416743b8a') in 0.0005151 seconds
Number of updated asset objects reloaded before import = 0Number of asset objects unloaded after import = 0

========================================================================
Received Import Request.
  Time since last request: 918.194000 seconds.
  path: Assets/DungeonGenerator/Resource/Prefabs/LinePrefab.prefab
  artifactKey: Guid(82a317e7ea8fa0a43af2d6fbf60e3f80) Importer(815301076,1909f56bfc062723c751e8b465ee728b)
Start importing Assets/DungeonGenerator/Resource/Prefabs/LinePrefab.prefab using Guid(82a317e7ea8fa0a43af2d6fbf60e3f80) Importer(815301076,1909f56bfc062723c751e8b465ee728b) (PreviewImporter) -> (artifact id: '3e8a3d228c6e3630b3b56a532de4d0c7') in 0.2880078 seconds
Number of updated asset objects reloaded before import = 0Number of asset objects unloaded after import = 6

========================================================================
Received Import Request.
  Time since last request: 0.000022 seconds.
  path: Assets/DungeonGenerator/Resource/Prefabs/Rect.prefab
  artifactKey: Guid(4dc9932cf11d8e54e8be6c22c92ce9ab) Importer(815301076,1909f56bfc062723c751e8b465ee728b)
Start importing Assets/DungeonGenerator/Resource/Prefabs/Rect.prefab using Guid(4dc9932cf11d8e54e8be6c22c92ce9ab) Importer(815301076,1909f56bfc062723c751e8b465ee728b) (PreviewImporter) -> (artifact id: 'b1d1e028c4a12504754118f265cb702e') in 0.0089696 seconds
Number of updated asset objects reloaded before import = 0Number of asset objects unloaded after import = 9

========================================================================
Received Import Request.
  Time since last request: 2.425637 seconds.
  path: Assets/DungeonGenerator/Resource/Sprites/Props
  artifactKey: Guid(ccd9dbe32427bf24ea8832c6f18fce94) Importer(815301076,1909f56bfc062723c751e8b465ee728b)
Start importing Assets/DungeonGenerator/Resource/Sprites/Props using Guid(ccd9dbe32427bf24ea8832c6f18fce94) Importer(815301076,1909f56bfc062723c751e8b465ee728b) (PreviewImporter) -> (artifact id: '8943638e0e9385994885fb5ca7809736') in 0.0006264 seconds
Number of updated asset objects reloaded before import = 0Number of asset objects unloaded after import = 0

========================================================================
Received Import Request.
  Time since last request: 0.235174 seconds.
  path: Assets/DungeonGenerator/Resource/Sprites/Tileset
  artifactKey: Guid(ac001d4aa3a56f94bb78db32ad8edd6a) Importer(815301076,1909f56bfc062723c751e8b465ee728b)
Start importing Assets/DungeonGenerator/Resource/Sprites/Tileset using Guid(ac001d4aa3a56f94bb78db32ad8edd6a) Importer(815301076,1909f56bfc062723c751e8b465ee728b) (PreviewImporter) -> (artifact id: '951ca99b04975d211974183114af0f0f') in 0.0005255 seconds
Number of updated asset objects reloaded before import = 0Number of asset objects unloaded after import = 0

========================================================================
Received Import Request.
  Time since last request: 0.060375 seconds.
  path: Assets/DungeonGenerator/Resource/Sprites/Tileset/additTile.png
  artifactKey: Guid(7409bcc693604dd438c2bb3177eca11f) Importer(815301076,1909f56bfc062723c751e8b465ee728b)
Start importing Assets/DungeonGenerator/Resource/Sprites/Tileset/additTile.png using Guid(7409bcc693604dd438c2bb3177eca11f) Importer(815301076,1909f56bfc062723c751e8b465ee728b) (PreviewImporter) -> (artifact id: '3cc232ca50c2d9286665ee649ed167d5') in 0.0194159 seconds
Number of updated asset objects reloaded before import = 0Number of asset objects unloaded after import = 3

========================================================================
Received Import Request.
  Time since last request: 0.000017 seconds.
  path: Assets/DungeonGenerator/Resource/Sprites/Tileset/blackTile.png
  artifactKey: Guid(cb00477432eec0e4fa071647b2554842) Importer(815301076,1909f56bfc062723c751e8b465ee728b)
Start importing Assets/DungeonGenerator/Resource/Sprites/Tileset/blackTile.png using Guid(cb00477432eec0e4fa071647b2554842) Importer(815301076,1909f56bfc062723c751e8b465ee728b) (PreviewImporter) -> (artifact id: 'e4f42f02253d7e0e85568a03a76e7565') in 0.004729 seconds
Number of updated asset objects reloaded before import = 0Number of asset objects unloaded after import = 3

========================================================================
Received Import Request.
  Time since last request: 0.000019 seconds.
  path: Assets/DungeonGenerator/Resource/Sprites/Tileset/WallTiles.png
  artifactKey: Guid(4d58bc12262e76040a130c79a34f82b5) Importer(815301076,1909f56bfc062723c751e8b465ee728b)
Start importing Assets/DungeonGenerator/Resource/Sprites/Tileset/WallTiles.png using Guid(4d58bc12262e76040a130c79a34f82b5) Importer(815301076,1909f56bfc062723c751e8b465ee728b) (PreviewImporter) -> (artifact id: '8bcdc3b19d22d71da56bcc125190a6a0') in 0.0307335 seconds
Number of updated asset objects reloaded before import = 0Number of asset objects unloaded after import = 35

========================================================================
Received Import Request.
  Time since last request: 0.000024 seconds.
  path: Assets/DungeonGenerator/Resource/Sprites/Tileset/FloorTilesExtra.png
  artifactKey: Guid(4f6dcb3bc012f9c439961cd00a621636) Importer(815301076,1909f56bfc062723c751e8b465ee728b)
Start importing Assets/DungeonGenerator/Resource/Sprites/Tileset/FloorTilesExtra.png using Guid(4f6dcb3bc012f9c439961cd00a621636) Importer(815301076,1909f56bfc062723c751e8b465ee728b) (PreviewImporter) -> (artifact id: 'f34ae8ab6c31ca64b60c06defe287d46') in 0.004762 seconds
Number of updated asset objects reloaded before import = 0Number of asset objects unloaded after import = 3

========================================================================
Received Import Request.
  Time since last request: 0.000017 seconds.
  path: Assets/DungeonGenerator/Resource/Sprites/Tileset/CliffTiles.png
  artifactKey: Guid(b15ebb5139f72be468de6d294b9bb331) Importer(815301076,1909f56bfc062723c751e8b465ee728b)
Start importing Assets/DungeonGenerator/Resource/Sprites/Tileset/CliffTiles.png using Guid(b15ebb5139f72be468de6d294b9bb331) Importer(815301076,1909f56bfc062723c751e8b465ee728b) (PreviewImporter) -> (artifact id: '4f7511eb749eb14902c2e9ee7bf66d37') in 0.0058894 seconds
Number of updated asset objects reloaded before import = 0Number of asset objects unloaded after import = 4

========================================================================
Received Import Request.
  Time since last request: 0.000017 seconds.
  path: Assets/DungeonGenerator/Resource/Sprites/Tileset/blackTile.asset
  artifactKey: Guid(8d7fd29abb9183745b1fb44a81165333) Importer(815301076,1909f56bfc062723c751e8b465ee728b)
Start importing Assets/DungeonGenerator/Resource/Sprites/Tileset/blackTile.asset using Guid(8d7fd29abb9183745b1fb44a81165333) Importer(815301076,1909f56bfc062723c751e8b465ee728b) (PreviewImporter) -> (artifact id: '3dd64a20fa949d2b7fa9bd7d5fd4bf5b') in 0.0061959 seconds
Number of updated asset objects reloaded before import = 0Number of asset objects unloaded after import = 3

========================================================================
Received Import Request.
  Time since last request: 0.000016 seconds.
  path: Assets/DungeonGenerator/Resource/Sprites/Tileset/FloorTiles.png
  artifactKey: Guid(96b78cad7bb6ddf4096fc152168d88c0) Importer(815301076,1909f56bfc062723c751e8b465ee728b)
Start importing Assets/DungeonGenerator/Resource/Sprites/Tileset/FloorTiles.png using Guid(96b78cad7bb6ddf4096fc152168d88c0) Importer(815301076,1909f56bfc062723c751e8b465ee728b) (PreviewImporter) -> (artifact id: '11df833fd8b47281c0cd988f471c4be7') in 0.0147197 seconds
Number of updated asset objects reloaded before import = 0Number of asset objects unloaded after import = 16

========================================================================
Received Import Request.
  Time since last request: 0.000017 seconds.
  path: Assets/DungeonGenerator/Resource/Sprites/Tileset/DoorTiles.png
  artifactKey: Guid(79fdf2a9c1c39174fa3ea59439baf3c9) Importer(815301076,1909f56bfc062723c751e8b465ee728b)
Start importing Assets/DungeonGenerator/Resource/Sprites/Tileset/DoorTiles.png using Guid(79fdf2a9c1c39174fa3ea59439baf3c9) Importer(815301076,1909f56bfc062723c751e8b465ee728b) (PreviewImporter) -> (artifact id: '28571773657c95263cecc67a2f16f410') in 0.0054882 seconds
Number of updated asset objects reloaded before import = 0Number of asset objects unloaded after import = 4

========================================================================
Received Import Request.
  Time since last request: 0.408396 seconds.
  path: Assets/DungeonGenerator/Resource/Sprites/Tileset/Shadows
  artifactKey: Guid(85aaf77ccc108ee44a10403d420fe64e) Importer(815301076,1909f56bfc062723c751e8b465ee728b)
Start importing Assets/DungeonGenerator/Resource/Sprites/Tileset/Shadows using Guid(85aaf77ccc108ee44a10403d420fe64e) Importer(815301076,1909f56bfc062723c751e8b465ee728b) (PreviewImporter) -> (artifact id: '4cb33c6e47a97290703fa52d22b6258a') in 0.000504 seconds
Number of updated asset objects reloaded before import = 0Number of asset objects unloaded after import = 0

========================================================================
Received Import Request.
  Time since last request: 0.040870 seconds.
  path: Assets/DungeonGenerator/Resource/Sprites/Tileset/Shadows/WallTilesetShadows.png
  artifactKey: Guid(2250f15e5021ae3458e93af7daf928b9) Importer(815301076,1909f56bfc062723c751e8b465ee728b)
Start importing Assets/DungeonGenerator/Resource/Sprites/Tileset/Shadows/WallTilesetShadows.png using Guid(2250f15e5021ae3458e93af7daf928b9) Importer(815301076,1909f56bfc062723c751e8b465ee728b) (PreviewImporter) -> (artifact id: '04a15ca5383500acbebd37841e7b02cf') in 0.0212419 seconds
Number of updated asset objects reloaded before import = 0Number of asset objects unloaded after import = 12

========================================================================
Received Import Request.
  Time since last request: 3.196353 seconds.
  path: Assets/DungeonGenerator/Resource/Tile Palettes/Ground
  artifactKey: Guid(b82f6948b5c66f34aa39c6f08746343a) Importer(815301076,1909f56bfc062723c751e8b465ee728b)
Start importing Assets/DungeonGenerator/Resource/Tile Palettes/Ground using Guid(b82f6948b5c66f34aa39c6f08746343a) Importer(815301076,1909f56bfc062723c751e8b465ee728b) (PreviewImporter) -> (artifact id: '6eeab8ab9825c5c7a1ad69d1489d5a61') in 0.0005107 seconds
Number of updated asset objects reloaded before import = 0Number of asset objects unloaded after import = 0

========================================================================
Received Import Request.
  Time since last request: 0.278402 seconds.
  path: Assets/DungeonGenerator/Resource/Tile Palettes/Walls
  artifactKey: Guid(ee1ad8409d7745c4890ede836ecf1cc4) Importer(815301076,1909f56bfc062723c751e8b465ee728b)
Start importing Assets/DungeonGenerator/Resource/Tile Palettes/Walls using Guid(ee1ad8409d7745c4890ede836ecf1cc4) Importer(815301076,1909f56bfc062723c751e8b465ee728b) (PreviewImporter) -> (artifact id: '5b1dd1d32515cbdcd1af8b8d14897656') in 0.0004735 seconds
Number of updated asset objects reloaded before import = 0Number of asset objects unloaded after import = 0

========================================================================
Received Import Request.
  Time since last request: 4.414999 seconds.
  path: Assets/DungeonGenerator/Resource/Sprites
  artifactKey: Guid(fc7df306e18a3374085ceab62bca896f) Importer(815301076,1909f56bfc062723c751e8b465ee728b)
Start importing Assets/DungeonGenerator/Resource/Sprites using Guid(fc7df306e18a3374085ceab62bca896f) Importer(815301076,1909f56bfc062723c751e8b465ee728b) (PreviewImporter) -> (artifact id: 'ebb6e3ba5baddcf9dd15d50b38d742bf') in 0.0006216 seconds
Number of updated asset objects reloaded before import = 0Number of asset objects unloaded after import = 0

========================================================================
Received Import Request.
  Time since last request: 0.308684 seconds.
  path: Assets/DungeonGenerator/Resource/Tile Palettes
  artifactKey: Guid(5b5b0263b79880c4989eb6164938185d) Importer(815301076,1909f56bfc062723c751e8b465ee728b)
Start importing Assets/DungeonGenerator/Resource/Tile Palettes using Guid(5b5b0263b79880c4989eb6164938185d) Importer(815301076,1909f56bfc062723c751e8b465ee728b) (PreviewImporter) -> (artifact id: '50713d25f14237987a3068ddfe5cf212') in 0.0004988 seconds
Number of updated asset objects reloaded before import = 0Number of asset objects unloaded after import = 0

========================================================================
Received Import Request.
  Time since last request: 0.325553 seconds.
  path: Assets/DungeonGenerator/Resource/Prefabs
  artifactKey: Guid(d7d2ad810c69bb74586de8dc4548ed5b) Importer(815301076,1909f56bfc062723c751e8b465ee728b)
Start importing Assets/DungeonGenerator/Resource/Prefabs using Guid(d7d2ad810c69bb74586de8dc4548ed5b) Importer(815301076,1909f56bfc062723c751e8b465ee728b) (PreviewImporter) -> (artifact id: 'fb0523dfce23803736565e9e5b9f3148') in 0.0004931 seconds
Number of updated asset objects reloaded before import = 0Number of asset objects unloaded after import = 0

========================================================================
Received Import Request.
  Time since last request: 2.750565 seconds.
  path: Assets/DungeonGenerator/Scripts
  artifactKey: Guid(223970309295ce1439b133b2c7440418) Importer(815301076,1909f56bfc062723c751e8b465ee728b)
Start importing Assets/DungeonGenerator/Scripts using Guid(223970309295ce1439b133b2c7440418) Importer(815301076,1909f56bfc062723c751e8b465ee728b) (PreviewImporter) -> (artifact id: '1250dbad39aaa259e2ae8f8e1053e081') in 0.0005036 seconds
Number of updated asset objects reloaded before import = 0Number of asset objects unloaded after import = 0

========================================================================
Received Import Request.
  Time since last request: 1.275133 seconds.
  path: Assets/DungeonGenerator/Scripts/AutoTiling.cs
  artifactKey: Guid(09b5ee1b445a5b040a4ae71b04269a5f) Importer(815301076,1909f56bfc062723c751e8b465ee728b)
Start importing Assets/DungeonGenerator/Scripts/AutoTiling.cs using Guid(09b5ee1b445a5b040a4ae71b04269a5f) Importer(815301076,1909f56bfc062723c751e8b465ee728b) (PreviewImporter) -> (artifact id: 'e670ab0a86fc1ff2dcaa13ae956a5622') in 0.0005672 seconds
Number of updated asset objects reloaded before import = 0Number of asset objects unloaded after import = 0

========================================================================
Received Import Request.
  Time since last request: 0.359436 seconds.
  path: Assets/DungeonGenerator/Scripts/CameraController.cs
  artifactKey: Guid(6c507046913318d46bd656c82f34de15) Importer(815301076,1909f56bfc062723c751e8b465ee728b)
Start importing Assets/DungeonGenerator/Scripts/CameraController.cs using Guid(6c507046913318d46bd656c82f34de15) Importer(815301076,1909f56bfc062723c751e8b465ee728b) (PreviewImporter) -> (artifact id: 'd04ce4cec20f908fe64f621135450770') in 0.0005626 seconds
Number of updated asset objects reloaded before import = 0Number of asset objects unloaded after import = 0

========================================================================
Received Import Request.
  Time since last request: 0.379447 seconds.
  path: Assets/DungeonGenerator/Scripts/Delaunay
  artifactKey: Guid(bf68d7e2ae81d2244a65dc0434acbc25) Importer(815301076,1909f56bfc062723c751e8b465ee728b)
Start importing Assets/DungeonGenerator/Scripts/Delaunay using Guid(bf68d7e2ae81d2244a65dc0434acbc25) Importer(815301076,1909f56bfc062723c751e8b465ee728b) (PreviewImporter) -> (artifact id: '8b96ca941b5bf8abd6ef9f3cc62c328a') in 0.0005053 seconds
Number of updated asset objects reloaded before import = 0Number of asset objects unloaded after import = 0

========================================================================
Received Import Request.
  Time since last request: 3.902935 seconds.
  path: Assets/DungeonGenerator/Scripts/Delaunay/Edge.cs
  artifactKey: Guid(c19b863ee0a2176489fe7a0ebff57180) Importer(815301076,1909f56bfc062723c751e8b465ee728b)
Start importing Assets/DungeonGenerator/Scripts/Delaunay/Edge.cs using Guid(c19b863ee0a2176489fe7a0ebff57180) Importer(815301076,1909f56bfc062723c751e8b465ee728b) (PreviewImporter) -> (artifact id: 'e5809c7abdc4124fe18877e1216494e2') in 0.0007273 seconds
Number of updated asset objects reloaded before import = 0Number of asset objects unloaded after import = 0

========================================================================
Received Import Request.
  Time since last request: 0.492351 seconds.
  path: Assets/DungeonGenerator/Scripts/Delaunay/Kruskal.cs
  artifactKey: Guid(dd42c9ac471d51f4f862211c11831301) Importer(815301076,1909f56bfc062723c751e8b465ee728b)
Start importing Assets/DungeonGenerator/Scripts/Delaunay/Kruskal.cs using Guid(dd42c9ac471d51f4f862211c11831301) Importer(815301076,1909f56bfc062723c751e8b465ee728b) (PreviewImporter) -> (artifact id: '5af94f7ccf22e104969330af2ef22cb7') in 0.0005729 seconds
Number of updated asset objects reloaded before import = 0Number of asset objects unloaded after import = 0

========================================================================
Received Import Request.
  Time since last request: 0.309538 seconds.
  path: Assets/DungeonGenerator/Scripts/Delaunay/Vertex.cs
  artifactKey: Guid(5a46a4b2036296640aa9e2047aa1ca38) Importer(815301076,1909f56bfc062723c751e8b465ee728b)
Start importing Assets/DungeonGenerator/Scripts/Delaunay/Vertex.cs using Guid(5a46a4b2036296640aa9e2047aa1ca38) Importer(815301076,1909f56bfc062723c751e8b465ee728b) (PreviewImporter) -> (artifact id: 'f37b97d93e927e2aa11ec5baa28738e9') in 0.0006272 seconds
Number of updated asset objects reloaded before import = 0Number of asset objects unloaded after import = 0

========================================================================
Received Import Request.
  Time since last request: 5.404964 seconds.
  path: Assets/DungeonGenerator/Scripts/MapGenerator.cs
  artifactKey: Guid(302a7bb2f17676d47b14679784092a2d) Importer(815301076,1909f56bfc062723c751e8b465ee728b)
Start importing Assets/DungeonGenerator/Scripts/MapGenerator.cs using Guid(302a7bb2f17676d47b14679784092a2d) Importer(815301076,1909f56bfc062723c751e8b465ee728b) (PreviewImporter) -> (artifact id: '914567595b665e6bfb8f393e6e896b1f') in 0.0005624 seconds
Number of updated asset objects reloaded before import = 0Number of asset objects unloaded after import = 0

========================================================================
Received Import Request.
  Time since last request: 3.701258 seconds.
  path: Assets/DungeonGenerator/Scripts/Visualization.cs
  artifactKey: Guid(f560fcbc7f2ab834e979b083713a5dc3) Importer(815301076,1909f56bfc062723c751e8b465ee728b)
Start importing Assets/DungeonGenerator/Scripts/Visualization.cs using Guid(f560fcbc7f2ab834e979b083713a5dc3) Importer(815301076,1909f56bfc062723c751e8b465ee728b) (PreviewImporter) -> (artifact id: 'e47deece3c0792b77f4fc9c80d8a7487') in 0.0005578 seconds
Number of updated asset objects reloaded before import = 0Number of asset objects unloaded after import = 0

========================================================================
Received Import Request.
  Time since last request: 2143.919421 seconds.
  path: Assets/Scenes/SampleScene.unity
  artifactKey: Guid(8c9cfa26abfee488c85f1582747f6a02) Importer(815301076,1909f56bfc062723c751e8b465ee728b)
Start importing Assets/Scenes/SampleScene.unity using Guid(8c9cfa26abfee488c85f1582747f6a02) Importer(815301076,1909f56bfc062723c751e8b465ee728b) (PreviewImporter) -> (artifact id: '7cb174dd6cc88c8e523b0d418c39227a') in 0.0006672 seconds
Number of updated asset objects reloaded before import = 0Number of asset objects unloaded after import = 0

========================================================================
Received Import Request.
  Time since last request: 1692.178267 seconds.
  path: Assets/DungeonGenerator/Resource
  artifactKey: Guid(5653eb493fa75a949a1029d7f0badf18) Importer(815301076,1909f56bfc062723c751e8b465ee728b)
Start importing Assets/DungeonGenerator/Resource using Guid(5653eb493fa75a949a1029d7f0badf18) Importer(815301076,1909f56bfc062723c751e8b465ee728b) (PreviewImporter) -> (artifact id: '72910ab37cb582fa574890d3f37c6be8') in 0.0005656 seconds
Number of updated asset objects reloaded before import = 0Number of asset objects unloaded after import = 0

========================================================================
Received Import Request.
  Time since last request: 336.979356 seconds.
  path: Assets/tilemap/Tile/Tile.prefab
  artifactKey: Guid(d4f76b227ed32054da3efe471474f155) Importer(815301076,1909f56bfc062723c751e8b465ee728b)
Start importing Assets/tilemap/Tile/Tile.prefab using Guid(d4f76b227ed32054da3efe471474f155) Importer(815301076,1909f56bfc062723c751e8b465ee728b) (PreviewImporter) -> (artifact id: '3091e57252407aa6e4d74ac04d0969d9') in 0.1087735 seconds
Number of updated asset objects reloaded before import = 0Number of asset objects unloaded after import = 218

